Using pre-set license
Built from '2020.3/staging' branch; Version is '2020.3.0f1 (c7b5465681fb) revision 13088070'; Using compiler version '192528614'; Build Type 'Release'
OS: 'Windows 10 Pro; OS build 19042.867; Version 2009; 64bit' Language: 'es' Physical Memory: 16315 MB
BatchMode: 1, IsHumanControllingUs: 0, StartBugReporterOnCrash: 0, Is64bit: 1, IsPro: 0

 COMMAND LINE ARGUMENTS:
E:\Programas Instalados\2020.3.0f1\Editor\Unity.exe
-adb2
-batchMode
-noUpm
-name
AssetImportWorker0
-projectPath
E:/I-2021/MATERIAS/REALIDAD_AUMENTADA/ARCore
-logFile
Logs/AssetImportWorker0.log
-srvPort
18569
Successfully changed project path to: E:/I-2021/MATERIAS/REALIDAD_AUMENTADA/ARCore
E:/I-2021/MATERIAS/REALIDAD_AUMENTADA/ARCore
Using Asset Import Pipeline V2.
Refreshing native plugins compatible for Editor in 45.84 ms, found 0 plugins.
Preloading 0 native plugins for Editor in 0.00 ms.
Initialize engine version: 2020.3.0f1 (c7b5465681fb)
[Subsystems] Discovering subsystems at path E:/Programas Instalados/2020.3.0f1/Editor/Data/Resources/UnitySubsystems
[Subsystems] Discovering subsystems at path E:/I-2021/MATERIAS/REALIDAD_AUMENTADA/ARCore/Assets
GfxDevice: creating device client; threaded=0
Direct3D:
    Version:  Direct3D 11.0 [level 11.0]
    Renderer: NVIDIA Quadro K4000M (ID=0x11bd)
    Vendor:   
    VRAM:     4052 MB
    Driver:   25.21.14.2625
Initialize mono
Mono path[0] = 'E:/Programas Instalados/2020.3.0f1/Editor/Data/Managed'
Mono path[1] = 'E:/Programas Instalados/2020.3.0f1/Editor/Data/MonoBleedingEdge/lib/mono/unityjit'
Mono config path = 'E:/Programas Instalados/2020.3.0f1/Editor/Data/MonoBleedingEdge/etc'
Using monoOptions --debugger-agent=transport=dt_socket,embedding=1,server=y,suspend=n,address=127.0.0.1:56916
Begin MonoManager ReloadAssembly
Registering precompiled unity dll's ...
Register platform support module: E:/Programas Instalados/2020.3.0f1/Editor/Data/PlaybackEngines/WindowsStandaloneSupport/UnityEditor.WindowsStandalone.Extensions.dll
Registered in 0.003015 seconds.
Native extension for WindowsStandalone target not found
Refreshing native plugins compatible for Editor in 40.01 ms, found 0 plugins.
Preloading 0 native plugins for Editor in 0.00 ms.
Invoked RoslynAnalysisRunner static constructor.
RoslynAnalysisRunner will not be running.
RoslynAnalysisRunner has terminated.
Mono: successfully reloaded assembly
- Completed reload, in  5.776 seconds
Platform modules already initialized, skipping
Registering precompiled user dll's ...
Registered in 0.001500 seconds.
Begin MonoManager ReloadAssembly
Native extension for WindowsStandalone target not found
Refreshing native plugins compatible for Editor in 0.51 ms, found 0 plugins.
Preloading 0 native plugins for Editor in 0.00 ms.
Invoked RoslynAnalysisRunner static constructor.
RoslynAnalysisRunner will not be running.
RoslynAnalysisRunner has terminated.
Mono: successfully reloaded assembly
- Completed reload, in  1.343 seconds
Platform modules already initialized, skipping
========================================================================
Worker process is ready to serve import requests
Launched and connected shader compiler UnityShaderCompiler.exe after 0.11 seconds
Refreshing native plugins compatible for Editor in 0.35 ms, found 0 plugins.
Preloading 0 native plugins for Editor in 0.00 ms.
Unloading 1437 Unused Serialized files (Serialized files now loaded: 0)
System memory in use before: 66.6 MB.
System memory in use after: 66.7 MB.

Unloading 11 unused Assets to reduce memory usage. Loaded Objects now: 1880.
Total: 3.027500 ms (FindLiveObjects: 0.554300 ms CreateObjectMapping: 0.186800 ms MarkObjects: 2.189300 ms  DeleteObjects: 0.095500 ms)

========================================================================
Received Import Request.
  path: Assets/Prefabs/PlaceofPlane.cs
  artifactKey: Guid(6c88934815a6edc429e01dca3bb46817) Importer(815301076,1909f56bfc062723c751e8b465ee728b)
Start importing Assets/Prefabs/PlaceofPlane.cs using Guid(6c88934815a6edc429e01dca3bb46817) Importer(815301076,1909f56bfc062723c751e8b465ee728b)  -> (artifact id: 'c1731da6197ebeadf396be9a7c30d6f0') in 0.044786 seconds
  Import took 0.048332 seconds .

========================================================================
Received Prepare
Registering precompiled user dll's ...
Registered in 0.002485 seconds.
Begin MonoManager ReloadAssembly
Native extension for WindowsStandalone target not found
Refreshing native plugins compatible for Editor in 0.39 ms, found 0 plugins.
Preloading 0 native plugins for Editor in 0.00 ms.
Invoked RoslynAnalysisRunner static constructor.
RoslynAnalysisRunner will not be running.
RoslynAnalysisRunner has terminated.
Mono: successfully reloaded assembly
- Completed reload, in  1.507 seconds
Platform modules already initialized, skipping
Switching build target platform(5) subTarget(0) extendedPlatform(0) -> platform(13) subTarget(524288) extendedPlatform(0)
Refreshing native plugins compatible for Editor in 0.44 ms, found 0 plugins.
Preloading 0 native plugins for Editor in 0.00 ms.
Unloading 1431 Unused Serialized files (Serialized files now loaded: 0)
System memory in use before: 66.4 MB.
System memory in use after: 66.4 MB.

Unloading 6 unused Assets to reduce memory usage. Loaded Objects now: 1884.
Total: 2.934000 ms (FindLiveObjects: 0.473700 ms CreateObjectMapping: 0.209100 ms MarkObjects: 2.204900 ms  DeleteObjects: 0.043300 ms)

AssetImportParameters requested are different than current active one (requested -> active):
  custom:graphics/normal-map-encoding: 01000000000000000000000000000000 -> 02000000000000000000000000000000
========================================================================
Received Prepare
Refreshing native plugins compatible for Editor in 5.92 ms, found 0 plugins.
Preloading 0 native plugins for Editor in 0.00 ms.
Unloading 4 Unused Serialized files (Serialized files now loaded: 0)
System memory in use before: 37.9 MB.
System memory in use after: 38.0 MB.

Unloading 2 unused Assets to reduce memory usage. Loaded Objects now: 1885.
Total: 4.348400 ms (FindLiveObjects: 0.248300 ms CreateObjectMapping: 0.222900 ms MarkObjects: 3.847300 ms  DeleteObjects: 0.027000 ms)

AssetImportWorkerClient::OnTransportError - code=2 error=End of file
