Using pre-set license
Built from '2020.3/staging' branch; Version is '2020.3.0f1 (c7b5465681fb) revision 13088070'; Using compiler version '192528614'; Build Type 'Release'
OS: 'Windows 10 Pro; OS build 19042.867; Version 2009; 64bit' Language: 'es' Physical Memory: 16315 MB
BatchMode: 1, IsHumanControllingUs: 0, StartBugReporterOnCrash: 0, Is64bit: 1, IsPro: 0

 COMMAND LINE ARGUMENTS:
E:\Programas Instalados\2020.3.0f1\Editor\Unity.exe
-adb2
-batchMode
-noUpm
-name
AssetImportWorker0
-projectPath
E:/I-2021/MATERIAS/REALIDAD_AUMENTADA/ARCore
-logFile
Logs/AssetImportWorker0.log
-srvPort
1365
Successfully changed project path to: E:/I-2021/MATERIAS/REALIDAD_AUMENTADA/ARCore
E:/I-2021/MATERIAS/REALIDAD_AUMENTADA/ARCore
Using Asset Import Pipeline V2.
Refreshing native plugins compatible for Editor in 50.36 ms, found 0 plugins.
Preloading 0 native plugins for Editor in 0.00 ms.
Initialize engine version: 2020.3.0f1 (c7b5465681fb)
[Subsystems] Discovering subsystems at path E:/Programas Instalados/2020.3.0f1/Editor/Data/Resources/UnitySubsystems
[Subsystems] Discovering subsystems at path E:/I-2021/MATERIAS/REALIDAD_AUMENTADA/ARCore/Assets
GfxDevice: creating device client; threaded=0
Direct3D:
    Version:  Direct3D 11.0 [level 11.0]
    Renderer: NVIDIA Quadro K4000M (ID=0x11bd)
    Vendor:   
    VRAM:     4052 MB
    Driver:   25.21.14.2625
Initialize mono
Mono path[0] = 'E:/Programas Instalados/2020.3.0f1/Editor/Data/Managed'
Mono path[1] = 'E:/Programas Instalados/2020.3.0f1/Editor/Data/MonoBleedingEdge/lib/mono/unityjit'
Mono config path = 'E:/Programas Instalados/2020.3.0f1/Editor/Data/MonoBleedingEdge/etc'
Using monoOptions --debugger-agent=transport=dt_socket,embedding=1,server=y,suspend=n,address=127.0.0.1:56868
Begin MonoManager ReloadAssembly
Registering precompiled unity dll's ...
Register platform support module: E:/Programas Instalados/2020.3.0f1/Editor/Data/PlaybackEngines/WindowsStandaloneSupport/UnityEditor.WindowsStandalone.Extensions.dll
Registered in 0.002733 seconds.
Native extension for WindowsStandalone target not found
Refreshing native plugins compatible for Editor in 38.20 ms, found 0 plugins.
Preloading 0 native plugins for Editor in 0.00 ms.
Invoked RoslynAnalysisRunner static constructor.
RoslynAnalysisRunner will not be running.
RoslynAnalysisRunner has terminated.
Mono: successfully reloaded assembly
- Completed reload, in  7.395 seconds
Platform modules already initialized, skipping
Registering precompiled user dll's ...
Registered in 0.001791 seconds.
Begin MonoManager ReloadAssembly
Native extension for WindowsStandalone target not found
Refreshing native plugins compatible for Editor in 0.39 ms, found 0 plugins.
Preloading 0 native plugins for Editor in 0.00 ms.
Invoked RoslynAnalysisRunner static constructor.
RoslynAnalysisRunner will not be running.
RoslynAnalysisRunner has terminated.
Mono: successfully reloaded assembly
- Completed reload, in  1.536 seconds
Platform modules already initialized, skipping
========================================================================
Worker process is ready to serve import requests
Launched and connected shader compiler UnityShaderCompiler.exe after 0.08 seconds
Refreshing native plugins compatible for Editor in 0.44 ms, found 0 plugins.
Preloading 0 native plugins for Editor in 0.00 ms.
Unloading 1437 Unused Serialized files (Serialized files now loaded: 0)
System memory in use before: 66.5 MB.
System memory in use after: 66.5 MB.

Unloading 12 unused Assets to reduce memory usage. Loaded Objects now: 1878.
Total: 3.016400 ms (FindLiveObjects: 0.511900 ms CreateObjectMapping: 0.173300 ms MarkObjects: 2.216800 ms  DeleteObjects: 0.111900 ms)

========================================================================
Received Import Request.
  path: Assets/Prefabs/AR Default Plane.prefab
  artifactKey: Guid(576ec529d5295dd438046046f5add7f2) Importer(815301076,1909f56bfc062723c751e8b465ee728b)
Start importing Assets/Prefabs/AR Default Plane.prefab using Guid(576ec529d5295dd438046046f5add7f2) Importer(815301076,1909f56bfc062723c751e8b465ee728b)  -> (artifact id: '266c04e31db80604b83d5d25c5fdc59b') in 0.120536 seconds
  Import took 0.124317 seconds .

========================================================================
Received Import Request.
  Time since last request: 0.000424 seconds.
  path: Assets/Prefabs/AR Default Point Cloud.prefab
  artifactKey: Guid(4750d6c1fca7c5c438108249ec5acdc6) Importer(815301076,1909f56bfc062723c751e8b465ee728b)
Start importing Assets/Prefabs/AR Default Point Cloud.prefab using Guid(4750d6c1fca7c5c438108249ec5acdc6) Importer(815301076,1909f56bfc062723c751e8b465ee728b)  -> (artifact id: 'ac643a0e9cee16bbd6036da37f32a803') in 0.015850 seconds
  Import took 0.019311 seconds .

AssetImportWorkerClient::OnTransportError - code=2 error=End of file
